<?xml version="1.0" encoding="UTF-8"?>
<testng-results skipped="0" failed="0" total="1" passed="1">
  <reporter-output>
  </reporter-output>
  <suite name="Default suite" duration-ms="86" started-at="2016-11-30T11:19:08Z" finished-at="2016-11-30T11:19:08Z">
    <groups>
    </groups>
    <test name="Default test" duration-ms="86" started-at="2016-11-30T11:19:08Z" finished-at="2016-11-30T11:19:08Z">
      <class name="TestingAnt.Testant">
        <test-method status="PASS" signature="king()[pri:0, instance:TestingAnt.Testant@1e8b406]" name="king" duration-ms="17" started-at="2016-11-30T16:49:08Z" finished-at="2016-11-30T16:49:08Z">
          <reporter-output>
          </reporter-output>
        </test-method> <!-- king -->
      </class> <!-- TestingAnt.Testant -->
    </test> <!-- Default test -->
  </suite> <!-- Default suite -->
</testng-results>
